The target system is: Generic - 1 - 
The host system is: Darwin - 20.3.0 - arm64
Compiling the C compiler identification source file "CMakeCCompilerId.c" succeeded.
Compiler: /opt/homebrew/bin/arm-none-eabi-gcc 
Build flags: 
Id flags: -c 

The output was:
0


Compilation of the C compiler identification source "CMakeCCompilerId.c" produced "CMakeCCompilerId.o"

The C compiler identification is GNU, found in "/Users/wsh32/projects/CLion/STMDemo/cmake-build-debug-stm32/CMakeFiles/3.17.5/CompilerIdC/CMakeCCompilerId.o"

Compiling the CXX compiler identification source file "CMakeCXXCompilerId.cpp" succeeded.
Compiler: /opt/homebrew/bin/arm-none-eabi-g++ 
Build flags: 
Id flags: -c 

The output was:
0


Compilation of the CXX compiler identification source "CMakeCXXCompilerId.cpp" produced "CMakeCXXCompilerId.o"

The CXX compiler identification is GNU, found in "/Users/wsh32/projects/CLion/STMDemo/cmake-build-debug-stm32/CMakeFiles/3.17.5/CompilerIdCXX/CMakeCXXCompilerId.o"

Checking whether the ASM compiler is GNU using "--version" matched "(GNU assembler)|(GCC)|(Free Software Foundation)":
arm-none-eabi-gcc (GNU Arm Embedded Toolchain 10-2020-q4-major) 10.2.1 20201103 (release)
Copyright (C) 2020 Free Software Foundation, Inc.
This is free software; see the source for copying conditions.  There is NO
warranty; not even for MERCHANTABILITY or FITNESS FOR A PARTICULAR PURPOSE.

Determining if the C compiler works passed with the following output:
Change Dir: /Users/wsh32/projects/CLion/STMDemo/cmake-build-debug-stm32/CMakeFiles/CMakeTmp

Run Build Command(s):/opt/homebrew/bin/gmake cmTC_10bdf/fast && /opt/homebrew/bin/gmake  -f CMakeFiles/cmTC_10bdf.dir/build.make CMakeFiles/cmTC_10bdf.dir/build
gmake[1]: Entering directory '/Users/wsh32/projects/CLion/STMDemo/cmake-build-debug-stm32/CMakeFiles/CMakeTmp'
Building C object CMakeFiles/cmTC_10bdf.dir/testCCompiler.c.obj
/opt/homebrew/bin/arm-none-eabi-gcc    -o CMakeFiles/cmTC_10bdf.dir/testCCompiler.c.obj   -c /Users/wsh32/projects/CLion/STMDemo/cmake-build-debug-stm32/CMakeFiles/CMakeTmp/testCCompiler.c
Linking C static library libcmTC_10bdf.a
"/Users/wsh32/Library/Application Support/JetBrains/Toolbox/apps/CLion-ARM/ch-0/203.7148.70/CLion.app/Contents/bin/cmake/mac/bin/cmake" -P CMakeFiles/cmTC_10bdf.dir/cmake_clean_target.cmake
"/Users/wsh32/Library/Application Support/JetBrains/Toolbox/apps/CLion-ARM/ch-0/203.7148.70/CLion.app/Contents/bin/cmake/mac/bin/cmake" -E cmake_link_script CMakeFiles/cmTC_10bdf.dir/link.txt --verbose=1
arm-none-eabi-ar qc libcmTC_10bdf.a  CMakeFiles/cmTC_10bdf.dir/testCCompiler.c.obj
/opt/homebrew/bin/arm-none-eabi-ranlib libcmTC_10bdf.a
gmake[1]: Leaving directory '/Users/wsh32/projects/CLion/STMDemo/cmake-build-debug-stm32/CMakeFiles/CMakeTmp'



Detecting C compiler ABI info compiled with the following output:
Change Dir: /Users/wsh32/projects/CLion/STMDemo/cmake-build-debug-stm32/CMakeFiles/CMakeTmp

Run Build Command(s):/opt/homebrew/bin/gmake cmTC_6cb22/fast && /opt/homebrew/bin/gmake  -f CMakeFiles/cmTC_6cb22.dir/build.make CMakeFiles/cmTC_6cb22.dir/build
gmake[1]: Entering directory '/Users/wsh32/projects/CLion/STMDemo/cmake-build-debug-stm32/CMakeFiles/CMakeTmp'
Building C object CMakeFiles/cmTC_6cb22.dir/CMakeCCompilerABI.c.obj
/opt/homebrew/bin/arm-none-eabi-gcc   -v -o CMakeFiles/cmTC_6cb22.dir/CMakeCCompilerABI.c.obj   -c "/Users/wsh32/Library/Application Support/JetBrains/Toolbox/apps/CLion-ARM/ch-0/203.7148.70/CLion.app/Contents/bin/cmake/mac/share/cmake-3.17/Modules/CMakeCCompilerABI.c"
Using built-in specs.
COLLECT_GCC=/opt/homebrew/bin/arm-none-eabi-gcc
Target: arm-none-eabi
Configured with: /tmp/jenkins-GCC-10-pipeline-48_20201124_1606180639/src/gcc/configure --target=arm-none-eabi --prefix=/tmp/jenkins-GCC-10-pipeline-48_20201124_1606180639/install-native --libexecdir=/tmp/jenkins-GCC-10-pipeline-48_20201124_1606180639/install-native/lib --infodir=/tmp/jenkins-GCC-10-pipeline-48_20201124_1606180639/install-native/share/doc/gcc-arm-none-eabi/info --mandir=/tmp/jenkins-GCC-10-pipeline-48_20201124_1606180639/install-native/share/doc/gcc-arm-none-eabi/man --htmldir=/tmp/jenkins-GCC-10-pipeline-48_20201124_1606180639/install-native/share/doc/gcc-arm-none-eabi/html --pdfdir=/tmp/jenkins-GCC-10-pipeline-48_20201124_1606180639/install-native/share/doc/gcc-arm-none-eabi/pdf --enable-languages=c,c++ --enable-plugins --disable-decimal-float --disable-libffi --disable-libgomp --disable-libmudflap --disable-libquadmath --disable-libssp --disable-libstdcxx-pch --disable-nls --disable-shared --disable-threads --disable-tls --with-gnu-as --with-gnu-ld --with-newlib --with-headers=yes --with-python-dir=share/gcc-arm-none-eabi --with-sysroot=/tmp/jenkins-GCC-10-pipeline-48_20201124_1606180639/install-native/arm-none-eabi --build=x86_64-apple-darwin10 --host=x86_64-apple-darwin10 --with-gmp=/tmp/jenkins-GCC-10-pipeline-48_20201124_1606180639/build-native/host-libs/usr --with-mpfr=/tmp/jenkins-GCC-10-pipeline-48_20201124_1606180639/build-native/host-libs/usr --with-mpc=/tmp/jenkins-GCC-10-pipeline-48_20201124_1606180639/build-native/host-libs/usr --with-isl=/tmp/jenkins-GCC-10-pipeline-48_20201124_1606180639/build-native/host-libs/usr --with-libelf=/tmp/jenkins-GCC-10-pipeline-48_20201124_1606180639/build-native/host-libs/usr --with-host-libstdcxx='-static-libgcc -Wl,-lstdc++ -lm' --with-pkgversion='GNU Arm Embedded Toolchain 10-2020-q4-major' --with-multilib-list=rmprofile,aprofile
Thread model: single
Supported LTO compression algorithms: zlib
gcc version 10.2.1 20201103 (release) (GNU Arm Embedded Toolchain 10-2020-q4-major) 
COLLECT_GCC_OPTIONS='-v' '-o' 'CMakeFiles/cmTC_6cb22.dir/CMakeCCompilerABI.c.obj' '-c' '-mcpu=arm7tdmi' '-mfloat-abi=soft' '-marm' '-march=armv4t'
 /opt/homebrew/Caskroom/gcc-arm-embedded/10-2020-q4-major/gcc-arm-none-eabi-10-2020-q4-major/bin/../lib/gcc/arm-none-eabi/10.2.1/cc1 -quiet -v -iprefix /opt/homebrew/Caskroom/gcc-arm-embedded/10-2020-q4-major/gcc-arm-none-eabi-10-2020-q4-major/bin/../lib/gcc/arm-none-eabi/10.2.1/ -isysroot /opt/homebrew/Caskroom/gcc-arm-embedded/10-2020-q4-major/gcc-arm-none-eabi-10-2020-q4-major/bin/../arm-none-eabi -D__USES_INITFINI__ /Users/wsh32/Library/Application Support/JetBrains/Toolbox/apps/CLion-ARM/ch-0/203.7148.70/CLion.app/Contents/bin/cmake/mac/share/cmake-3.17/Modules/CMakeCCompilerABI.c -quiet -dumpbase CMakeCCompilerABI.c -mcpu=arm7tdmi -mfloat-abi=soft -marm -march=armv4t -auxbase-strip CMakeFiles/cmTC_6cb22.dir/CMakeCCompilerABI.c.obj -version -o /var/folders/4q/3r_xvjjx7qs8c4hhwpplzr440000gn/T//ccq89JcQ.s
GNU C17 (GNU Arm Embedded Toolchain 10-2020-q4-major) version 10.2.1 20201103 (release) (arm-none-eabi)
	compiled by GNU C version 4.2.1 Compatible Apple LLVM 11.0.0 (clang-1100.0.33.17), GMP version 6.1.0, MPFR version 3.1.4, MPC version 1.0.3, isl version isl-0.18-GMP

GGC heuristics: --param ggc-min-expand=100 --param ggc-min-heapsize=131072
ignoring duplicate directory "/opt/homebrew/Caskroom/gcc-arm-embedded/10-2020-q4-major/gcc-arm-none-eabi-10-2020-q4-major/bin/../lib/gcc/../../lib/gcc/arm-none-eabi/10.2.1/include"
ignoring nonexistent directory "/opt/homebrew/Caskroom/gcc-arm-embedded/10-2020-q4-major/gcc-arm-none-eabi-10-2020-q4-major/bin/../arm-none-eabi/usr/local/include"
ignoring duplicate directory "/opt/homebrew/Caskroom/gcc-arm-embedded/10-2020-q4-major/gcc-arm-none-eabi-10-2020-q4-major/bin/../lib/gcc/../../lib/gcc/arm-none-eabi/10.2.1/include-fixed"
ignoring duplicate directory "/opt/homebrew/Caskroom/gcc-arm-embedded/10-2020-q4-major/gcc-arm-none-eabi-10-2020-q4-major/bin/../lib/gcc/../../lib/gcc/arm-none-eabi/10.2.1/../../../../arm-none-eabi/include"
ignoring nonexistent directory "/opt/homebrew/Caskroom/gcc-arm-embedded/10-2020-q4-major/gcc-arm-none-eabi-10-2020-q4-major/bin/../arm-none-eabi/usr/include"
#include "..." search starts here:
#include <...> search starts here:
 /opt/homebrew/Caskroom/gcc-arm-embedded/10-2020-q4-major/gcc-arm-none-eabi-10-2020-q4-major/bin/../lib/gcc/arm-none-eabi/10.2.1/include
 /opt/homebrew/Caskroom/gcc-arm-embedded/10-2020-q4-major/gcc-arm-none-eabi-10-2020-q4-major/bin/../lib/gcc/arm-none-eabi/10.2.1/include-fixed
 /opt/homebrew/Caskroom/gcc-arm-embedded/10-2020-q4-major/gcc-arm-none-eabi-10-2020-q4-major/bin/../lib/gcc/arm-none-eabi/10.2.1/../../../../arm-none-eabi/include
End of search list.
GNU C17 (GNU Arm Embedded Toolchain 10-2020-q4-major) version 10.2.1 20201103 (release) (arm-none-eabi)
	compiled by GNU C version 4.2.1 Compatible Apple LLVM 11.0.0 (clang-1100.0.33.17), GMP version 6.1.0, MPFR version 3.1.4, MPC version 1.0.3, isl version isl-0.18-GMP

GGC heuristics: --param ggc-min-expand=100 --param ggc-min-heapsize=131072
Compiler executable checksum: 290f09984b37bb9de2e5b84d2ead9112
COLLECT_GCC_OPTIONS='-v' '-o' 'CMakeFiles/cmTC_6cb22.dir/CMakeCCompilerABI.c.obj' '-c' '-mcpu=arm7tdmi' '-mfloat-abi=soft' '-marm' '-march=armv4t'
 /opt/homebrew/Caskroom/gcc-arm-embedded/10-2020-q4-major/gcc-arm-none-eabi-10-2020-q4-major/bin/../lib/gcc/arm-none-eabi/10.2.1/../../../../arm-none-eabi/bin/as -v -march=armv4t -mfloat-abi=soft -meabi=5 -o CMakeFiles/cmTC_6cb22.dir/CMakeCCompilerABI.c.obj /var/folders/4q/3r_xvjjx7qs8c4hhwpplzr440000gn/T//ccq89JcQ.s
GNU assembler version 2.35.1 (arm-none-eabi) using BFD version (GNU Arm Embedded Toolchain 10-2020-q4-major) 2.35.1.20201028
COMPILER_PATH=/opt/homebrew/Caskroom/gcc-arm-embedded/10-2020-q4-major/gcc-arm-none-eabi-10-2020-q4-major/bin/../lib/gcc/arm-none-eabi/10.2.1/:/opt/homebrew/Caskroom/gcc-arm-embedded/10-2020-q4-major/gcc-arm-none-eabi-10-2020-q4-major/bin/../lib/gcc/:/opt/homebrew/Caskroom/gcc-arm-embedded/10-2020-q4-major/gcc-arm-none-eabi-10-2020-q4-major/bin/../lib/gcc/arm-none-eabi/10.2.1/../../../../arm-none-eabi/bin/
LIBRARY_PATH=/opt/homebrew/Caskroom/gcc-arm-embedded/10-2020-q4-major/gcc-arm-none-eabi-10-2020-q4-major/bin/../lib/gcc/arm-none-eabi/10.2.1/:/opt/homebrew/Caskroom/gcc-arm-embedded/10-2020-q4-major/gcc-arm-none-eabi-10-2020-q4-major/bin/../lib/gcc/:/opt/homebrew/Caskroom/gcc-arm-embedded/10-2020-q4-major/gcc-arm-none-eabi-10-2020-q4-major/bin/../lib/gcc/arm-none-eabi/10.2.1/../../../../arm-none-eabi/lib/:/opt/homebrew/Caskroom/gcc-arm-embedded/10-2020-q4-major/gcc-arm-none-eabi-10-2020-q4-major/bin/../arm-none-eabi/lib/
COLLECT_GCC_OPTIONS='-v' '-o' 'CMakeFiles/cmTC_6cb22.dir/CMakeCCompilerABI.c.obj' '-c' '-mcpu=arm7tdmi' '-mfloat-abi=soft' '-marm' '-march=armv4t'
Linking C static library libcmTC_6cb22.a
"/Users/wsh32/Library/Application Support/JetBrains/Toolbox/apps/CLion-ARM/ch-0/203.7148.70/CLion.app/Contents/bin/cmake/mac/bin/cmake" -P CMakeFiles/cmTC_6cb22.dir/cmake_clean_target.cmake
"/Users/wsh32/Library/Application Support/JetBrains/Toolbox/apps/CLion-ARM/ch-0/203.7148.70/CLion.app/Contents/bin/cmake/mac/bin/cmake" -E cmake_link_script CMakeFiles/cmTC_6cb22.dir/link.txt --verbose=1
arm-none-eabi-ar qc libcmTC_6cb22.a  CMakeFiles/cmTC_6cb22.dir/CMakeCCompilerABI.c.obj
/opt/homebrew/bin/arm-none-eabi-ranlib libcmTC_6cb22.a
gmake[1]: Leaving directory '/Users/wsh32/projects/CLion/STMDemo/cmake-build-debug-stm32/CMakeFiles/CMakeTmp'



Parsed C implicit include dir info from above output: rv=done
  found start of include info
  found start of implicit include info
    add: [/opt/homebrew/Caskroom/gcc-arm-embedded/10-2020-q4-major/gcc-arm-none-eabi-10-2020-q4-major/bin/../lib/gcc/arm-none-eabi/10.2.1/include]
    add: [/opt/homebrew/Caskroom/gcc-arm-embedded/10-2020-q4-major/gcc-arm-none-eabi-10-2020-q4-major/bin/../lib/gcc/arm-none-eabi/10.2.1/include-fixed]
    add: [/opt/homebrew/Caskroom/gcc-arm-embedded/10-2020-q4-major/gcc-arm-none-eabi-10-2020-q4-major/bin/../lib/gcc/arm-none-eabi/10.2.1/../../../../arm-none-eabi/include]
  end of search list found
  collapse include dir [/opt/homebrew/Caskroom/gcc-arm-embedded/10-2020-q4-major/gcc-arm-none-eabi-10-2020-q4-major/bin/../lib/gcc/arm-none-eabi/10.2.1/include] ==> [/opt/homebrew/Caskroom/gcc-arm-embedded/10-2020-q4-major/gcc-arm-none-eabi-10-2020-q4-major/lib/gcc/arm-none-eabi/10.2.1/include]
  collapse include dir [/opt/homebrew/Caskroom/gcc-arm-embedded/10-2020-q4-major/gcc-arm-none-eabi-10-2020-q4-major/bin/../lib/gcc/arm-none-eabi/10.2.1/include-fixed] ==> [/opt/homebrew/Caskroom/gcc-arm-embedded/10-2020-q4-major/gcc-arm-none-eabi-10-2020-q4-major/lib/gcc/arm-none-eabi/10.2.1/include-fixed]
  collapse include dir [/opt/homebrew/Caskroom/gcc-arm-embedded/10-2020-q4-major/gcc-arm-none-eabi-10-2020-q4-major/bin/../lib/gcc/arm-none-eabi/10.2.1/../../../../arm-none-eabi/include] ==> [/opt/homebrew/Caskroom/gcc-arm-embedded/10-2020-q4-major/gcc-arm-none-eabi-10-2020-q4-major/arm-none-eabi/include]
  implicit include dirs: [/opt/homebrew/Caskroom/gcc-arm-embedded/10-2020-q4-major/gcc-arm-none-eabi-10-2020-q4-major/lib/gcc/arm-none-eabi/10.2.1/include;/opt/homebrew/Caskroom/gcc-arm-embedded/10-2020-q4-major/gcc-arm-none-eabi-10-2020-q4-major/lib/gcc/arm-none-eabi/10.2.1/include-fixed;/opt/homebrew/Caskroom/gcc-arm-embedded/10-2020-q4-major/gcc-arm-none-eabi-10-2020-q4-major/arm-none-eabi/include]


Parsed C implicit link information from above output:
  link line regex: [^( *|.*[/\])(arm-none-eabi-ld|CMAKE_LINK_STARTFILE-NOTFOUND|([^/\]+-)?ld|collect2)[^/\]*( |$)]
  ignore line: [Change Dir: /Users/wsh32/projects/CLion/STMDemo/cmake-build-debug-stm32/CMakeFiles/CMakeTmp]
  ignore line: []
  ignore line: [Run Build Command(s):/opt/homebrew/bin/gmake cmTC_6cb22/fast && /opt/homebrew/bin/gmake  -f CMakeFiles/cmTC_6cb22.dir/build.make CMakeFiles/cmTC_6cb22.dir/build]
  ignore line: [gmake[1]: Entering directory '/Users/wsh32/projects/CLion/STMDemo/cmake-build-debug-stm32/CMakeFiles/CMakeTmp']
  ignore line: [Building C object CMakeFiles/cmTC_6cb22.dir/CMakeCCompilerABI.c.obj]
  ignore line: [/opt/homebrew/bin/arm-none-eabi-gcc   -v -o CMakeFiles/cmTC_6cb22.dir/CMakeCCompilerABI.c.obj   -c "/Users/wsh32/Library/Application Support/JetBrains/Toolbox/apps/CLion-ARM/ch-0/203.7148.70/CLion.app/Contents/bin/cmake/mac/share/cmake-3.17/Modules/CMakeCCompilerABI.c"]
  ignore line: [Using built-in specs.]
  ignore line: [COLLECT_GCC=/opt/homebrew/bin/arm-none-eabi-gcc]
  ignore line: [Target: arm-none-eabi]
  ignore line: [Configured with: /tmp/jenkins-GCC-10-pipeline-48_20201124_1606180639/src/gcc/configure --target=arm-none-eabi --prefix=/tmp/jenkins-GCC-10-pipeline-48_20201124_1606180639/install-native --libexecdir=/tmp/jenkins-GCC-10-pipeline-48_20201124_1606180639/install-native/lib --infodir=/tmp/jenkins-GCC-10-pipeline-48_20201124_1606180639/install-native/share/doc/gcc-arm-none-eabi/info --mandir=/tmp/jenkins-GCC-10-pipeline-48_20201124_1606180639/install-native/share/doc/gcc-arm-none-eabi/man --htmldir=/tmp/jenkins-GCC-10-pipeline-48_20201124_1606180639/install-native/share/doc/gcc-arm-none-eabi/html --pdfdir=/tmp/jenkins-GCC-10-pipeline-48_20201124_1606180639/install-native/share/doc/gcc-arm-none-eabi/pdf --enable-languages=c,c++ --enable-plugins --disable-decimal-float --disable-libffi --disable-libgomp --disable-libmudflap --disable-libquadmath --disable-libssp --disable-libstdcxx-pch --disable-nls --disable-shared --disable-threads --disable-tls --with-gnu-as --with-gnu-ld --with-newlib --with-headers=yes --with-python-dir=share/gcc-arm-none-eabi --with-sysroot=/tmp/jenkins-GCC-10-pipeline-48_20201124_1606180639/install-native/arm-none-eabi --build=x86_64-apple-darwin10 --host=x86_64-apple-darwin10 --with-gmp=/tmp/jenkins-GCC-10-pipeline-48_20201124_1606180639/build-native/host-libs/usr --with-mpfr=/tmp/jenkins-GCC-10-pipeline-48_20201124_1606180639/build-native/host-libs/usr --with-mpc=/tmp/jenkins-GCC-10-pipeline-48_20201124_1606180639/build-native/host-libs/usr --with-isl=/tmp/jenkins-GCC-10-pipeline-48_20201124_1606180639/build-native/host-libs/usr --with-libelf=/tmp/jenkins-GCC-10-pipeline-48_20201124_1606180639/build-native/host-libs/usr --with-host-libstdcxx='-static-libgcc -Wl,-lstdc++ -lm' --with-pkgversion='GNU Arm Embedded Toolchain 10-2020-q4-major' --with-multilib-list=rmprofile,aprofile]
  ignore line: [Thread model: single]
  ignore line: [Supported LTO compression algorithms: zlib]
  ignore line: [gcc version 10.2.1 20201103 (release) (GNU Arm Embedded Toolchain 10-2020-q4-major) ]
  ignore line: [COLLECT_GCC_OPTIONS='-v' '-o' 'CMakeFiles/cmTC_6cb22.dir/CMakeCCompilerABI.c.obj' '-c' '-mcpu=arm7tdmi' '-mfloat-abi=soft' '-marm' '-march=armv4t']
  ignore line: [ /opt/homebrew/Caskroom/gcc-arm-embedded/10-2020-q4-major/gcc-arm-none-eabi-10-2020-q4-major/bin/../lib/gcc/arm-none-eabi/10.2.1/cc1 -quiet -v -iprefix /opt/homebrew/Caskroom/gcc-arm-embedded/10-2020-q4-major/gcc-arm-none-eabi-10-2020-q4-major/bin/../lib/gcc/arm-none-eabi/10.2.1/ -isysroot /opt/homebrew/Caskroom/gcc-arm-embedded/10-2020-q4-major/gcc-arm-none-eabi-10-2020-q4-major/bin/../arm-none-eabi -D__USES_INITFINI__ /Users/wsh32/Library/Application Support/JetBrains/Toolbox/apps/CLion-ARM/ch-0/203.7148.70/CLion.app/Contents/bin/cmake/mac/share/cmake-3.17/Modules/CMakeCCompilerABI.c -quiet -dumpbase CMakeCCompilerABI.c -mcpu=arm7tdmi -mfloat-abi=soft -marm -march=armv4t -auxbase-strip CMakeFiles/cmTC_6cb22.dir/CMakeCCompilerABI.c.obj -version -o /var/folders/4q/3r_xvjjx7qs8c4hhwpplzr440000gn/T//ccq89JcQ.s]
  ignore line: [GNU C17 (GNU Arm Embedded Toolchain 10-2020-q4-major) version 10.2.1 20201103 (release) (arm-none-eabi)]
  ignore line: [	compiled by GNU C version 4.2.1 Compatible Apple LLVM 11.0.0 (clang-1100.0.33.17)  GMP version 6.1.0  MPFR version 3.1.4  MPC version 1.0.3  isl version isl-0.18-GMP]
  ignore line: []
  ignore line: [GGC heuristics: --param ggc-min-expand=100 --param ggc-min-heapsize=131072]
  ignore line: [ignoring duplicate directory "/opt/homebrew/Caskroom/gcc-arm-embedded/10-2020-q4-major/gcc-arm-none-eabi-10-2020-q4-major/bin/../lib/gcc/../../lib/gcc/arm-none-eabi/10.2.1/include"]
  ignore line: [ignoring nonexistent directory "/opt/homebrew/Caskroom/gcc-arm-embedded/10-2020-q4-major/gcc-arm-none-eabi-10-2020-q4-major/bin/../arm-none-eabi/usr/local/include"]
  ignore line: [ignoring duplicate directory "/opt/homebrew/Caskroom/gcc-arm-embedded/10-2020-q4-major/gcc-arm-none-eabi-10-2020-q4-major/bin/../lib/gcc/../../lib/gcc/arm-none-eabi/10.2.1/include-fixed"]
  ignore line: [ignoring duplicate directory "/opt/homebrew/Caskroom/gcc-arm-embedded/10-2020-q4-major/gcc-arm-none-eabi-10-2020-q4-major/bin/../lib/gcc/../../lib/gcc/arm-none-eabi/10.2.1/../../../../arm-none-eabi/include"]
  ignore line: [ignoring nonexistent directory "/opt/homebrew/Caskroom/gcc-arm-embedded/10-2020-q4-major/gcc-arm-none-eabi-10-2020-q4-major/bin/../arm-none-eabi/usr/include"]
  ignore line: [#include "..." search starts here:]
  ignore line: [#include <...> search starts here:]
  ignore line: [ /opt/homebrew/Caskroom/gcc-arm-embedded/10-2020-q4-major/gcc-arm-none-eabi-10-2020-q4-major/bin/../lib/gcc/arm-none-eabi/10.2.1/include]
  ignore line: [ /opt/homebrew/Caskroom/gcc-arm-embedded/10-2020-q4-major/gcc-arm-none-eabi-10-2020-q4-major/bin/../lib/gcc/arm-none-eabi/10.2.1/include-fixed]
  ignore line: [ /opt/homebrew/Caskroom/gcc-arm-embedded/10-2020-q4-major/gcc-arm-none-eabi-10-2020-q4-major/bin/../lib/gcc/arm-none-eabi/10.2.1/../../../../arm-none-eabi/include]
  ignore line: [End of search list.]
  ignore line: [GNU C17 (GNU Arm Embedded Toolchain 10-2020-q4-major) version 10.2.1 20201103 (release) (arm-none-eabi)]
  ignore line: [	compiled by GNU C version 4.2.1 Compatible Apple LLVM 11.0.0 (clang-1100.0.33.17)  GMP version 6.1.0  MPFR version 3.1.4  MPC version 1.0.3  isl version isl-0.18-GMP]
  ignore line: []
  ignore line: [GGC heuristics: --param ggc-min-expand=100 --param ggc-min-heapsize=131072]
  ignore line: [Compiler executable checksum: 290f09984b37bb9de2e5b84d2ead9112]
  ignore line: [COLLECT_GCC_OPTIONS='-v' '-o' 'CMakeFiles/cmTC_6cb22.dir/CMakeCCompilerABI.c.obj' '-c' '-mcpu=arm7tdmi' '-mfloat-abi=soft' '-marm' '-march=armv4t']
  ignore line: [ /opt/homebrew/Caskroom/gcc-arm-embedded/10-2020-q4-major/gcc-arm-none-eabi-10-2020-q4-major/bin/../lib/gcc/arm-none-eabi/10.2.1/../../../../arm-none-eabi/bin/as -v -march=armv4t -mfloat-abi=soft -meabi=5 -o CMakeFiles/cmTC_6cb22.dir/CMakeCCompilerABI.c.obj /var/folders/4q/3r_xvjjx7qs8c4hhwpplzr440000gn/T//ccq89JcQ.s]
  ignore line: [GNU assembler version 2.35.1 (arm-none-eabi) using BFD version (GNU Arm Embedded Toolchain 10-2020-q4-major) 2.35.1.20201028]
  ignore line: [COMPILER_PATH=/opt/homebrew/Caskroom/gcc-arm-embedded/10-2020-q4-major/gcc-arm-none-eabi-10-2020-q4-major/bin/../lib/gcc/arm-none-eabi/10.2.1/:/opt/homebrew/Caskroom/gcc-arm-embedded/10-2020-q4-major/gcc-arm-none-eabi-10-2020-q4-major/bin/../lib/gcc/:/opt/homebrew/Caskroom/gcc-arm-embedded/10-2020-q4-major/gcc-arm-none-eabi-10-2020-q4-major/bin/../lib/gcc/arm-none-eabi/10.2.1/../../../../arm-none-eabi/bin/]
  ignore line: [LIBRARY_PATH=/opt/homebrew/Caskroom/gcc-arm-embedded/10-2020-q4-major/gcc-arm-none-eabi-10-2020-q4-major/bin/../lib/gcc/arm-none-eabi/10.2.1/:/opt/homebrew/Caskroom/gcc-arm-embedded/10-2020-q4-major/gcc-arm-none-eabi-10-2020-q4-major/bin/../lib/gcc/:/opt/homebrew/Caskroom/gcc-arm-embedded/10-2020-q4-major/gcc-arm-none-eabi-10-2020-q4-major/bin/../lib/gcc/arm-none-eabi/10.2.1/../../../../arm-none-eabi/lib/:/opt/homebrew/Caskroom/gcc-arm-embedded/10-2020-q4-major/gcc-arm-none-eabi-10-2020-q4-major/bin/../arm-none-eabi/lib/]
  ignore line: [COLLECT_GCC_OPTIONS='-v' '-o' 'CMakeFiles/cmTC_6cb22.dir/CMakeCCompilerABI.c.obj' '-c' '-mcpu=arm7tdmi' '-mfloat-abi=soft' '-marm' '-march=armv4t']
  ignore line: [Linking C static library libcmTC_6cb22.a]
  ignore line: ["/Users/wsh32/Library/Application Support/JetBrains/Toolbox/apps/CLion-ARM/ch-0/203.7148.70/CLion.app/Contents/bin/cmake/mac/bin/cmake" -P CMakeFiles/cmTC_6cb22.dir/cmake_clean_target.cmake]
  ignore line: ["/Users/wsh32/Library/Application Support/JetBrains/Toolbox/apps/CLion-ARM/ch-0/203.7148.70/CLion.app/Contents/bin/cmake/mac/bin/cmake" -E cmake_link_script CMakeFiles/cmTC_6cb22.dir/link.txt --verbose=1]
  ignore line: [arm-none-eabi-ar qc libcmTC_6cb22.a  CMakeFiles/cmTC_6cb22.dir/CMakeCCompilerABI.c.obj]
  ignore line: [/opt/homebrew/bin/arm-none-eabi-ranlib libcmTC_6cb22.a]
  ignore line: [gmake[1]: Leaving directory '/Users/wsh32/projects/CLion/STMDemo/cmake-build-debug-stm32/CMakeFiles/CMakeTmp']
  ignore line: []
  ignore line: []
  implicit libs: []
  implicit dirs: []
  implicit fwks: []


Determining if the CXX compiler works passed with the following output:
Change Dir: /Users/wsh32/projects/CLion/STMDemo/cmake-build-debug-stm32/CMakeFiles/CMakeTmp

Run Build Command(s):/opt/homebrew/bin/gmake cmTC_9434f/fast && /opt/homebrew/bin/gmake  -f CMakeFiles/cmTC_9434f.dir/build.make CMakeFiles/cmTC_9434f.dir/build
gmake[1]: Entering directory '/Users/wsh32/projects/CLion/STMDemo/cmake-build-debug-stm32/CMakeFiles/CMakeTmp'
Building CXX object CMakeFiles/cmTC_9434f.dir/testCXXCompiler.cxx.obj
/opt/homebrew/bin/arm-none-eabi-g++     -o CMakeFiles/cmTC_9434f.dir/testCXXCompiler.cxx.obj -c /Users/wsh32/projects/CLion/STMDemo/cmake-build-debug-stm32/CMakeFiles/CMakeTmp/testCXXCompiler.cxx
Linking CXX static library libcmTC_9434f.a
"/Users/wsh32/Library/Application Support/JetBrains/Toolbox/apps/CLion-ARM/ch-0/203.7148.70/CLion.app/Contents/bin/cmake/mac/bin/cmake" -P CMakeFiles/cmTC_9434f.dir/cmake_clean_target.cmake
"/Users/wsh32/Library/Application Support/JetBrains/Toolbox/apps/CLion-ARM/ch-0/203.7148.70/CLion.app/Contents/bin/cmake/mac/bin/cmake" -E cmake_link_script CMakeFiles/cmTC_9434f.dir/link.txt --verbose=1
arm-none-eabi-ar qc libcmTC_9434f.a  CMakeFiles/cmTC_9434f.dir/testCXXCompiler.cxx.obj
/opt/homebrew/bin/arm-none-eabi-ranlib libcmTC_9434f.a
gmake[1]: Leaving directory '/Users/wsh32/projects/CLion/STMDemo/cmake-build-debug-stm32/CMakeFiles/CMakeTmp'



Detecting CXX compiler ABI info compiled with the following output:
Change Dir: /Users/wsh32/projects/CLion/STMDemo/cmake-build-debug-stm32/CMakeFiles/CMakeTmp

Run Build Command(s):/opt/homebrew/bin/gmake cmTC_8dc79/fast && /opt/homebrew/bin/gmake  -f CMakeFiles/cmTC_8dc79.dir/build.make CMakeFiles/cmTC_8dc79.dir/build
gmake[1]: Entering directory '/Users/wsh32/projects/CLion/STMDemo/cmake-build-debug-stm32/CMakeFiles/CMakeTmp'
Building CXX object CMakeFiles/cmTC_8dc79.dir/CMakeCXXCompilerABI.cpp.obj
/opt/homebrew/bin/arm-none-eabi-g++    -v -o CMakeFiles/cmTC_8dc79.dir/CMakeCXXCompilerABI.cpp.obj -c "/Users/wsh32/Library/Application Support/JetBrains/Toolbox/apps/CLion-ARM/ch-0/203.7148.70/CLion.app/Contents/bin/cmake/mac/share/cmake-3.17/Modules/CMakeCXXCompilerABI.cpp"
Using built-in specs.
COLLECT_GCC=/opt/homebrew/bin/arm-none-eabi-g++
Target: arm-none-eabi
Configured with: /tmp/jenkins-GCC-10-pipeline-48_20201124_1606180639/src/gcc/configure --target=arm-none-eabi --prefix=/tmp/jenkins-GCC-10-pipeline-48_20201124_1606180639/install-native --libexecdir=/tmp/jenkins-GCC-10-pipeline-48_20201124_1606180639/install-native/lib --infodir=/tmp/jenkins-GCC-10-pipeline-48_20201124_1606180639/install-native/share/doc/gcc-arm-none-eabi/info --mandir=/tmp/jenkins-GCC-10-pipeline-48_20201124_1606180639/install-native/share/doc/gcc-arm-none-eabi/man --htmldir=/tmp/jenkins-GCC-10-pipeline-48_20201124_1606180639/install-native/share/doc/gcc-arm-none-eabi/html --pdfdir=/tmp/jenkins-GCC-10-pipeline-48_20201124_1606180639/install-native/share/doc/gcc-arm-none-eabi/pdf --enable-languages=c,c++ --enable-plugins --disable-decimal-float --disable-libffi --disable-libgomp --disable-libmudflap --disable-libquadmath --disable-libssp --disable-libstdcxx-pch --disable-nls --disable-shared --disable-threads --disable-tls --with-gnu-as --with-gnu-ld --with-newlib --with-headers=yes --with-python-dir=share/gcc-arm-none-eabi --with-sysroot=/tmp/jenkins-GCC-10-pipeline-48_20201124_1606180639/install-native/arm-none-eabi --build=x86_64-apple-darwin10 --host=x86_64-apple-darwin10 --with-gmp=/tmp/jenkins-GCC-10-pipeline-48_20201124_1606180639/build-native/host-libs/usr --with-mpfr=/tmp/jenkins-GCC-10-pipeline-48_20201124_1606180639/build-native/host-libs/usr --with-mpc=/tmp/jenkins-GCC-10-pipeline-48_20201124_1606180639/build-native/host-libs/usr --with-isl=/tmp/jenkins-GCC-10-pipeline-48_20201124_1606180639/build-native/host-libs/usr --with-libelf=/tmp/jenkins-GCC-10-pipeline-48_20201124_1606180639/build-native/host-libs/usr --with-host-libstdcxx='-static-libgcc -Wl,-lstdc++ -lm' --with-pkgversion='GNU Arm Embedded Toolchain 10-2020-q4-major' --with-multilib-list=rmprofile,aprofile
Thread model: single
Supported LTO compression algorithms: zlib
gcc version 10.2.1 20201103 (release) (GNU Arm Embedded Toolchain 10-2020-q4-major) 
COLLECT_GCC_OPTIONS='-v' '-o' 'CMakeFiles/cmTC_8dc79.dir/CMakeCXXCompilerABI.cpp.obj' '-c' '-mcpu=arm7tdmi' '-mfloat-abi=soft' '-marm' '-march=armv4t'
 /opt/homebrew/Caskroom/gcc-arm-embedded/10-2020-q4-major/gcc-arm-none-eabi-10-2020-q4-major/bin/../lib/gcc/arm-none-eabi/10.2.1/cc1plus -quiet -v -iprefix /opt/homebrew/Caskroom/gcc-arm-embedded/10-2020-q4-major/gcc-arm-none-eabi-10-2020-q4-major/bin/../lib/gcc/arm-none-eabi/10.2.1/ -isysroot /opt/homebrew/Caskroom/gcc-arm-embedded/10-2020-q4-major/gcc-arm-none-eabi-10-2020-q4-major/bin/../arm-none-eabi -D__USES_INITFINI__ /Users/wsh32/Library/Application Support/JetBrains/Toolbox/apps/CLion-ARM/ch-0/203.7148.70/CLion.app/Contents/bin/cmake/mac/share/cmake-3.17/Modules/CMakeCXXCompilerABI.cpp -quiet -dumpbase CMakeCXXCompilerABI.cpp -mcpu=arm7tdmi -mfloat-abi=soft -marm -march=armv4t -auxbase-strip CMakeFiles/cmTC_8dc79.dir/CMakeCXXCompilerABI.cpp.obj -version -o /var/folders/4q/3r_xvjjx7qs8c4hhwpplzr440000gn/T//ccbYSShu.s
GNU C++14 (GNU Arm Embedded Toolchain 10-2020-q4-major) version 10.2.1 20201103 (release) (arm-none-eabi)
	compiled by GNU C version 4.2.1 Compatible Apple LLVM 11.0.0 (clang-1100.0.33.17), GMP version 6.1.0, MPFR version 3.1.4, MPC version 1.0.3, isl version isl-0.18-GMP

GGC heuristics: --param ggc-min-expand=100 --param ggc-min-heapsize=131072
ignoring duplicate directory "/opt/homebrew/Caskroom/gcc-arm-embedded/10-2020-q4-major/gcc-arm-none-eabi-10-2020-q4-major/bin/../lib/gcc/../../lib/gcc/arm-none-eabi/10.2.1/../../../../arm-none-eabi/include/c++/10.2.1"
ignoring duplicate directory "/opt/homebrew/Caskroom/gcc-arm-embedded/10-2020-q4-major/gcc-arm-none-eabi-10-2020-q4-major/bin/../lib/gcc/../../lib/gcc/arm-none-eabi/10.2.1/../../../../arm-none-eabi/include/c++/10.2.1/arm-none-eabi"
ignoring duplicate directory "/opt/homebrew/Caskroom/gcc-arm-embedded/10-2020-q4-major/gcc-arm-none-eabi-10-2020-q4-major/bin/../lib/gcc/../../lib/gcc/arm-none-eabi/10.2.1/../../../../arm-none-eabi/include/c++/10.2.1/backward"
ignoring duplicate directory "/opt/homebrew/Caskroom/gcc-arm-embedded/10-2020-q4-major/gcc-arm-none-eabi-10-2020-q4-major/bin/../lib/gcc/../../lib/gcc/arm-none-eabi/10.2.1/include"
ignoring nonexistent directory "/opt/homebrew/Caskroom/gcc-arm-embedded/10-2020-q4-major/gcc-arm-none-eabi-10-2020-q4-major/bin/../arm-none-eabi/usr/local/include"
ignoring duplicate directory "/opt/homebrew/Caskroom/gcc-arm-embedded/10-2020-q4-major/gcc-arm-none-eabi-10-2020-q4-major/bin/../lib/gcc/../../lib/gcc/arm-none-eabi/10.2.1/include-fixed"
ignoring duplicate directory "/opt/homebrew/Caskroom/gcc-arm-embedded/10-2020-q4-major/gcc-arm-none-eabi-10-2020-q4-major/bin/../lib/gcc/../../lib/gcc/arm-none-eabi/10.2.1/../../../../arm-none-eabi/include"
ignoring nonexistent directory "/opt/homebrew/Caskroom/gcc-arm-embedded/10-2020-q4-major/gcc-arm-none-eabi-10-2020-q4-major/bin/../arm-none-eabi/usr/include"
#include "..." search starts here:
#include <...> search starts here:
 /opt/homebrew/Caskroom/gcc-arm-embedded/10-2020-q4-major/gcc-arm-none-eabi-10-2020-q4-major/bin/../lib/gcc/arm-none-eabi/10.2.1/../../../../arm-none-eabi/include/c++/10.2.1
 /opt/homebrew/Caskroom/gcc-arm-embedded/10-2020-q4-major/gcc-arm-none-eabi-10-2020-q4-major/bin/../lib/gcc/arm-none-eabi/10.2.1/../../../../arm-none-eabi/include/c++/10.2.1/arm-none-eabi
 /opt/homebrew/Caskroom/gcc-arm-embedded/10-2020-q4-major/gcc-arm-none-eabi-10-2020-q4-major/bin/../lib/gcc/arm-none-eabi/10.2.1/../../../../arm-none-eabi/include/c++/10.2.1/backward
 /opt/homebrew/Caskroom/gcc-arm-embedded/10-2020-q4-major/gcc-arm-none-eabi-10-2020-q4-major/bin/../lib/gcc/arm-none-eabi/10.2.1/include
 /opt/homebrew/Caskroom/gcc-arm-embedded/10-2020-q4-major/gcc-arm-none-eabi-10-2020-q4-major/bin/../lib/gcc/arm-none-eabi/10.2.1/include-fixed
 /opt/homebrew/Caskroom/gcc-arm-embedded/10-2020-q4-major/gcc-arm-none-eabi-10-2020-q4-major/bin/../lib/gcc/arm-none-eabi/10.2.1/../../../../arm-none-eabi/include
End of search list.
GNU C++14 (GNU Arm Embedded Toolchain 10-2020-q4-major) version 10.2.1 20201103 (release) (arm-none-eabi)
	compiled by GNU C version 4.2.1 Compatible Apple LLVM 11.0.0 (clang-1100.0.33.17), GMP version 6.1.0, MPFR version 3.1.4, MPC version 1.0.3, isl version isl-0.18-GMP

GGC heuristics: --param ggc-min-expand=100 --param ggc-min-heapsize=131072
Compiler executable checksum: 1f3147591bec56b88dcd6bc225ccb0e2
COLLECT_GCC_OPTIONS='-v' '-o' 'CMakeFiles/cmTC_8dc79.dir/CMakeCXXCompilerABI.cpp.obj' '-c' '-mcpu=arm7tdmi' '-mfloat-abi=soft' '-marm' '-march=armv4t'
 /opt/homebrew/Caskroom/gcc-arm-embedded/10-2020-q4-major/gcc-arm-none-eabi-10-2020-q4-major/bin/../lib/gcc/arm-none-eabi/10.2.1/../../../../arm-none-eabi/bin/as -v -march=armv4t -mfloat-abi=soft -meabi=5 -o CMakeFiles/cmTC_8dc79.dir/CMakeCXXCompilerABI.cpp.obj /var/folders/4q/3r_xvjjx7qs8c4hhwpplzr440000gn/T//ccbYSShu.s
GNU assembler version 2.35.1 (arm-none-eabi) using BFD version (GNU Arm Embedded Toolchain 10-2020-q4-major) 2.35.1.20201028
COMPILER_PATH=/opt/homebrew/Caskroom/gcc-arm-embedded/10-2020-q4-major/gcc-arm-none-eabi-10-2020-q4-major/bin/../lib/gcc/arm-none-eabi/10.2.1/:/opt/homebrew/Caskroom/gcc-arm-embedded/10-2020-q4-major/gcc-arm-none-eabi-10-2020-q4-major/bin/../lib/gcc/:/opt/homebrew/Caskroom/gcc-arm-embedded/10-2020-q4-major/gcc-arm-none-eabi-10-2020-q4-major/bin/../lib/gcc/arm-none-eabi/10.2.1/../../../../arm-none-eabi/bin/
LIBRARY_PATH=/opt/homebrew/Caskroom/gcc-arm-embedded/10-2020-q4-major/gcc-arm-none-eabi-10-2020-q4-major/bin/../lib/gcc/arm-none-eabi/10.2.1/:/opt/homebrew/Caskroom/gcc-arm-embedded/10-2020-q4-major/gcc-arm-none-eabi-10-2020-q4-major/bin/../lib/gcc/:/opt/homebrew/Caskroom/gcc-arm-embedded/10-2020-q4-major/gcc-arm-none-eabi-10-2020-q4-major/bin/../lib/gcc/arm-none-eabi/10.2.1/../../../../arm-none-eabi/lib/:/opt/homebrew/Caskroom/gcc-arm-embedded/10-2020-q4-major/gcc-arm-none-eabi-10-2020-q4-major/bin/../arm-none-eabi/lib/
COLLECT_GCC_OPTIONS='-v' '-o' 'CMakeFiles/cmTC_8dc79.dir/CMakeCXXCompilerABI.cpp.obj' '-c' '-mcpu=arm7tdmi' '-mfloat-abi=soft' '-marm' '-march=armv4t'
Linking CXX static library libcmTC_8dc79.a
"/Users/wsh32/Library/Application Support/JetBrains/Toolbox/apps/CLion-ARM/ch-0/203.7148.70/CLion.app/Contents/bin/cmake/mac/bin/cmake" -P CMakeFiles/cmTC_8dc79.dir/cmake_clean_target.cmake
"/Users/wsh32/Library/Application Support/JetBrains/Toolbox/apps/CLion-ARM/ch-0/203.7148.70/CLion.app/Contents/bin/cmake/mac/bin/cmake" -E cmake_link_script CMakeFiles/cmTC_8dc79.dir/link.txt --verbose=1
arm-none-eabi-ar qc libcmTC_8dc79.a  CMakeFiles/cmTC_8dc79.dir/CMakeCXXCompilerABI.cpp.obj
/opt/homebrew/bin/arm-none-eabi-ranlib libcmTC_8dc79.a
gmake[1]: Leaving directory '/Users/wsh32/projects/CLion/STMDemo/cmake-build-debug-stm32/CMakeFiles/CMakeTmp'



Parsed CXX implicit include dir info from above output: rv=done
  found start of include info
  found start of implicit include info
    add: [/opt/homebrew/Caskroom/gcc-arm-embedded/10-2020-q4-major/gcc-arm-none-eabi-10-2020-q4-major/bin/../lib/gcc/arm-none-eabi/10.2.1/../../../../arm-none-eabi/include/c++/10.2.1]
    add: [/opt/homebrew/Caskroom/gcc-arm-embedded/10-2020-q4-major/gcc-arm-none-eabi-10-2020-q4-major/bin/../lib/gcc/arm-none-eabi/10.2.1/../../../../arm-none-eabi/include/c++/10.2.1/arm-none-eabi]
    add: [/opt/homebrew/Caskroom/gcc-arm-embedded/10-2020-q4-major/gcc-arm-none-eabi-10-2020-q4-major/bin/../lib/gcc/arm-none-eabi/10.2.1/../../../../arm-none-eabi/include/c++/10.2.1/backward]
    add: [/opt/homebrew/Caskroom/gcc-arm-embedded/10-2020-q4-major/gcc-arm-none-eabi-10-2020-q4-major/bin/../lib/gcc/arm-none-eabi/10.2.1/include]
    add: [/opt/homebrew/Caskroom/gcc-arm-embedded/10-2020-q4-major/gcc-arm-none-eabi-10-2020-q4-major/bin/../lib/gcc/arm-none-eabi/10.2.1/include-fixed]
    add: [/opt/homebrew/Caskroom/gcc-arm-embedded/10-2020-q4-major/gcc-arm-none-eabi-10-2020-q4-major/bin/../lib/gcc/arm-none-eabi/10.2.1/../../../../arm-none-eabi/include]
  end of search list found
  collapse include dir [/opt/homebrew/Caskroom/gcc-arm-embedded/10-2020-q4-major/gcc-arm-none-eabi-10-2020-q4-major/bin/../lib/gcc/arm-none-eabi/10.2.1/../../../../arm-none-eabi/include/c++/10.2.1] ==> [/opt/homebrew/Caskroom/gcc-arm-embedded/10-2020-q4-major/gcc-arm-none-eabi-10-2020-q4-major/arm-none-eabi/include/c++/10.2.1]
  collapse include dir [/opt/homebrew/Caskroom/gcc-arm-embedded/10-2020-q4-major/gcc-arm-none-eabi-10-2020-q4-major/bin/../lib/gcc/arm-none-eabi/10.2.1/../../../../arm-none-eabi/include/c++/10.2.1/arm-none-eabi] ==> [/opt/homebrew/Caskroom/gcc-arm-embedded/10-2020-q4-major/gcc-arm-none-eabi-10-2020-q4-major/arm-none-eabi/include/c++/10.2.1/arm-none-eabi]
  collapse include dir [/opt/homebrew/Caskroom/gcc-arm-embedded/10-2020-q4-major/gcc-arm-none-eabi-10-2020-q4-major/bin/../lib/gcc/arm-none-eabi/10.2.1/../../../../arm-none-eabi/include/c++/10.2.1/backward] ==> [/opt/homebrew/Caskroom/gcc-arm-embedded/10-2020-q4-major/gcc-arm-none-eabi-10-2020-q4-major/arm-none-eabi/include/c++/10.2.1/backward]
  collapse include dir [/opt/homebrew/Caskroom/gcc-arm-embedded/10-2020-q4-major/gcc-arm-none-eabi-10-2020-q4-major/bin/../lib/gcc/arm-none-eabi/10.2.1/include] ==> [/opt/homebrew/Caskroom/gcc-arm-embedded/10-2020-q4-major/gcc-arm-none-eabi-10-2020-q4-major/lib/gcc/arm-none-eabi/10.2.1/include]
  collapse include dir [/opt/homebrew/Caskroom/gcc-arm-embedded/10-2020-q4-major/gcc-arm-none-eabi-10-2020-q4-major/bin/../lib/gcc/arm-none-eabi/10.2.1/include-fixed] ==> [/opt/homebrew/Caskroom/gcc-arm-embedded/10-2020-q4-major/gcc-arm-none-eabi-10-2020-q4-major/lib/gcc/arm-none-eabi/10.2.1/include-fixed]
  collapse include dir [/opt/homebrew/Caskroom/gcc-arm-embedded/10-2020-q4-major/gcc-arm-none-eabi-10-2020-q4-major/bin/../lib/gcc/arm-none-eabi/10.2.1/../../../../arm-none-eabi/include] ==> [/opt/homebrew/Caskroom/gcc-arm-embedded/10-2020-q4-major/gcc-arm-none-eabi-10-2020-q4-major/arm-none-eabi/include]
  implicit include dirs: [/opt/homebrew/Caskroom/gcc-arm-embedded/10-2020-q4-major/gcc-arm-none-eabi-10-2020-q4-major/arm-none-eabi/include/c++/10.2.1;/opt/homebrew/Caskroom/gcc-arm-embedded/10-2020-q4-major/gcc-arm-none-eabi-10-2020-q4-major/arm-none-eabi/include/c++/10.2.1/arm-none-eabi;/opt/homebrew/Caskroom/gcc-arm-embedded/10-2020-q4-major/gcc-arm-none-eabi-10-2020-q4-major/arm-none-eabi/include/c++/10.2.1/backward;/opt/homebrew/Caskroom/gcc-arm-embedded/10-2020-q4-major/gcc-arm-none-eabi-10-2020-q4-major/lib/gcc/arm-none-eabi/10.2.1/include;/opt/homebrew/Caskroom/gcc-arm-embedded/10-2020-q4-major/gcc-arm-none-eabi-10-2020-q4-major/lib/gcc/arm-none-eabi/10.2.1/include-fixed;/opt/homebrew/Caskroom/gcc-arm-embedded/10-2020-q4-major/gcc-arm-none-eabi-10-2020-q4-major/arm-none-eabi/include]


Parsed CXX implicit link information from above output:
  link line regex: [^( *|.*[/\])(arm-none-eabi-ld|CMAKE_LINK_STARTFILE-NOTFOUND|([^/\]+-)?ld|collect2)[^/\]*( |$)]
  ignore line: [Change Dir: /Users/wsh32/projects/CLion/STMDemo/cmake-build-debug-stm32/CMakeFiles/CMakeTmp]
  ignore line: []
  ignore line: [Run Build Command(s):/opt/homebrew/bin/gmake cmTC_8dc79/fast && /opt/homebrew/bin/gmake  -f CMakeFiles/cmTC_8dc79.dir/build.make CMakeFiles/cmTC_8dc79.dir/build]
  ignore line: [gmake[1]: Entering directory '/Users/wsh32/projects/CLion/STMDemo/cmake-build-debug-stm32/CMakeFiles/CMakeTmp']
  ignore line: [Building CXX object CMakeFiles/cmTC_8dc79.dir/CMakeCXXCompilerABI.cpp.obj]
  ignore line: [/opt/homebrew/bin/arm-none-eabi-g++    -v -o CMakeFiles/cmTC_8dc79.dir/CMakeCXXCompilerABI.cpp.obj -c "/Users/wsh32/Library/Application Support/JetBrains/Toolbox/apps/CLion-ARM/ch-0/203.7148.70/CLion.app/Contents/bin/cmake/mac/share/cmake-3.17/Modules/CMakeCXXCompilerABI.cpp"]
  ignore line: [Using built-in specs.]
  ignore line: [COLLECT_GCC=/opt/homebrew/bin/arm-none-eabi-g++]
  ignore line: [Target: arm-none-eabi]
  ignore line: [Configured with: /tmp/jenkins-GCC-10-pipeline-48_20201124_1606180639/src/gcc/configure --target=arm-none-eabi --prefix=/tmp/jenkins-GCC-10-pipeline-48_20201124_1606180639/install-native --libexecdir=/tmp/jenkins-GCC-10-pipeline-48_20201124_1606180639/install-native/lib --infodir=/tmp/jenkins-GCC-10-pipeline-48_20201124_1606180639/install-native/share/doc/gcc-arm-none-eabi/info --mandir=/tmp/jenkins-GCC-10-pipeline-48_20201124_1606180639/install-native/share/doc/gcc-arm-none-eabi/man --htmldir=/tmp/jenkins-GCC-10-pipeline-48_20201124_1606180639/install-native/share/doc/gcc-arm-none-eabi/html --pdfdir=/tmp/jenkins-GCC-10-pipeline-48_20201124_1606180639/install-native/share/doc/gcc-arm-none-eabi/pdf --enable-languages=c,c++ --enable-plugins --disable-decimal-float --disable-libffi --disable-libgomp --disable-libmudflap --disable-libquadmath --disable-libssp --disable-libstdcxx-pch --disable-nls --disable-shared --disable-threads --disable-tls --with-gnu-as --with-gnu-ld --with-newlib --with-headers=yes --with-python-dir=share/gcc-arm-none-eabi --with-sysroot=/tmp/jenkins-GCC-10-pipeline-48_20201124_1606180639/install-native/arm-none-eabi --build=x86_64-apple-darwin10 --host=x86_64-apple-darwin10 --with-gmp=/tmp/jenkins-GCC-10-pipeline-48_20201124_1606180639/build-native/host-libs/usr --with-mpfr=/tmp/jenkins-GCC-10-pipeline-48_20201124_1606180639/build-native/host-libs/usr --with-mpc=/tmp/jenkins-GCC-10-pipeline-48_20201124_1606180639/build-native/host-libs/usr --with-isl=/tmp/jenkins-GCC-10-pipeline-48_20201124_1606180639/build-native/host-libs/usr --with-libelf=/tmp/jenkins-GCC-10-pipeline-48_20201124_1606180639/build-native/host-libs/usr --with-host-libstdcxx='-static-libgcc -Wl,-lstdc++ -lm' --with-pkgversion='GNU Arm Embedded Toolchain 10-2020-q4-major' --with-multilib-list=rmprofile,aprofile]
  ignore line: [Thread model: single]
  ignore line: [Supported LTO compression algorithms: zlib]
  ignore line: [gcc version 10.2.1 20201103 (release) (GNU Arm Embedded Toolchain 10-2020-q4-major) ]
  ignore line: [COLLECT_GCC_OPTIONS='-v' '-o' 'CMakeFiles/cmTC_8dc79.dir/CMakeCXXCompilerABI.cpp.obj' '-c' '-mcpu=arm7tdmi' '-mfloat-abi=soft' '-marm' '-march=armv4t']
  ignore line: [ /opt/homebrew/Caskroom/gcc-arm-embedded/10-2020-q4-major/gcc-arm-none-eabi-10-2020-q4-major/bin/../lib/gcc/arm-none-eabi/10.2.1/cc1plus -quiet -v -iprefix /opt/homebrew/Caskroom/gcc-arm-embedded/10-2020-q4-major/gcc-arm-none-eabi-10-2020-q4-major/bin/../lib/gcc/arm-none-eabi/10.2.1/ -isysroot /opt/homebrew/Caskroom/gcc-arm-embedded/10-2020-q4-major/gcc-arm-none-eabi-10-2020-q4-major/bin/../arm-none-eabi -D__USES_INITFINI__ /Users/wsh32/Library/Application Support/JetBrains/Toolbox/apps/CLion-ARM/ch-0/203.7148.70/CLion.app/Contents/bin/cmake/mac/share/cmake-3.17/Modules/CMakeCXXCompilerABI.cpp -quiet -dumpbase CMakeCXXCompilerABI.cpp -mcpu=arm7tdmi -mfloat-abi=soft -marm -march=armv4t -auxbase-strip CMakeFiles/cmTC_8dc79.dir/CMakeCXXCompilerABI.cpp.obj -version -o /var/folders/4q/3r_xvjjx7qs8c4hhwpplzr440000gn/T//ccbYSShu.s]
  ignore line: [GNU C++14 (GNU Arm Embedded Toolchain 10-2020-q4-major) version 10.2.1 20201103 (release) (arm-none-eabi)]
  ignore line: [	compiled by GNU C version 4.2.1 Compatible Apple LLVM 11.0.0 (clang-1100.0.33.17)  GMP version 6.1.0  MPFR version 3.1.4  MPC version 1.0.3  isl version isl-0.18-GMP]
  ignore line: []
  ignore line: [GGC heuristics: --param ggc-min-expand=100 --param ggc-min-heapsize=131072]
  ignore line: [ignoring duplicate directory "/opt/homebrew/Caskroom/gcc-arm-embedded/10-2020-q4-major/gcc-arm-none-eabi-10-2020-q4-major/bin/../lib/gcc/../../lib/gcc/arm-none-eabi/10.2.1/../../../../arm-none-eabi/include/c++/10.2.1"]
  ignore line: [ignoring duplicate directory "/opt/homebrew/Caskroom/gcc-arm-embedded/10-2020-q4-major/gcc-arm-none-eabi-10-2020-q4-major/bin/../lib/gcc/../../lib/gcc/arm-none-eabi/10.2.1/../../../../arm-none-eabi/include/c++/10.2.1/arm-none-eabi"]
  ignore line: [ignoring duplicate directory "/opt/homebrew/Caskroom/gcc-arm-embedded/10-2020-q4-major/gcc-arm-none-eabi-10-2020-q4-major/bin/../lib/gcc/../../lib/gcc/arm-none-eabi/10.2.1/../../../../arm-none-eabi/include/c++/10.2.1/backward"]
  ignore line: [ignoring duplicate directory "/opt/homebrew/Caskroom/gcc-arm-embedded/10-2020-q4-major/gcc-arm-none-eabi-10-2020-q4-major/bin/../lib/gcc/../../lib/gcc/arm-none-eabi/10.2.1/include"]
  ignore line: [ignoring nonexistent directory "/opt/homebrew/Caskroom/gcc-arm-embedded/10-2020-q4-major/gcc-arm-none-eabi-10-2020-q4-major/bin/../arm-none-eabi/usr/local/include"]
  ignore line: [ignoring duplicate directory "/opt/homebrew/Caskroom/gcc-arm-embedded/10-2020-q4-major/gcc-arm-none-eabi-10-2020-q4-major/bin/../lib/gcc/../../lib/gcc/arm-none-eabi/10.2.1/include-fixed"]
  ignore line: [ignoring duplicate directory "/opt/homebrew/Caskroom/gcc-arm-embedded/10-2020-q4-major/gcc-arm-none-eabi-10-2020-q4-major/bin/../lib/gcc/../../lib/gcc/arm-none-eabi/10.2.1/../../../../arm-none-eabi/include"]
  ignore line: [ignoring nonexistent directory "/opt/homebrew/Caskroom/gcc-arm-embedded/10-2020-q4-major/gcc-arm-none-eabi-10-2020-q4-major/bin/../arm-none-eabi/usr/include"]
  ignore line: [#include "..." search starts here:]
  ignore line: [#include <...> search starts here:]
  ignore line: [ /opt/homebrew/Caskroom/gcc-arm-embedded/10-2020-q4-major/gcc-arm-none-eabi-10-2020-q4-major/bin/../lib/gcc/arm-none-eabi/10.2.1/../../../../arm-none-eabi/include/c++/10.2.1]
  ignore line: [ /opt/homebrew/Caskroom/gcc-arm-embedded/10-2020-q4-major/gcc-arm-none-eabi-10-2020-q4-major/bin/../lib/gcc/arm-none-eabi/10.2.1/../../../../arm-none-eabi/include/c++/10.2.1/arm-none-eabi]
  ignore line: [ /opt/homebrew/Caskroom/gcc-arm-embedded/10-2020-q4-major/gcc-arm-none-eabi-10-2020-q4-major/bin/../lib/gcc/arm-none-eabi/10.2.1/../../../../arm-none-eabi/include/c++/10.2.1/backward]
  ignore line: [ /opt/homebrew/Caskroom/gcc-arm-embedded/10-2020-q4-major/gcc-arm-none-eabi-10-2020-q4-major/bin/../lib/gcc/arm-none-eabi/10.2.1/include]
  ignore line: [ /opt/homebrew/Caskroom/gcc-arm-embedded/10-2020-q4-major/gcc-arm-none-eabi-10-2020-q4-major/bin/../lib/gcc/arm-none-eabi/10.2.1/include-fixed]
  ignore line: [ /opt/homebrew/Caskroom/gcc-arm-embedded/10-2020-q4-major/gcc-arm-none-eabi-10-2020-q4-major/bin/../lib/gcc/arm-none-eabi/10.2.1/../../../../arm-none-eabi/include]
  ignore line: [End of search list.]
  ignore line: [GNU C++14 (GNU Arm Embedded Toolchain 10-2020-q4-major) version 10.2.1 20201103 (release) (arm-none-eabi)]
  ignore line: [	compiled by GNU C version 4.2.1 Compatible Apple LLVM 11.0.0 (clang-1100.0.33.17)  GMP version 6.1.0  MPFR version 3.1.4  MPC version 1.0.3  isl version isl-0.18-GMP]
  ignore line: []
  ignore line: [GGC heuristics: --param ggc-min-expand=100 --param ggc-min-heapsize=131072]
  ignore line: [Compiler executable checksum: 1f3147591bec56b88dcd6bc225ccb0e2]
  ignore line: [COLLECT_GCC_OPTIONS='-v' '-o' 'CMakeFiles/cmTC_8dc79.dir/CMakeCXXCompilerABI.cpp.obj' '-c' '-mcpu=arm7tdmi' '-mfloat-abi=soft' '-marm' '-march=armv4t']
  ignore line: [ /opt/homebrew/Caskroom/gcc-arm-embedded/10-2020-q4-major/gcc-arm-none-eabi-10-2020-q4-major/bin/../lib/gcc/arm-none-eabi/10.2.1/../../../../arm-none-eabi/bin/as -v -march=armv4t -mfloat-abi=soft -meabi=5 -o CMakeFiles/cmTC_8dc79.dir/CMakeCXXCompilerABI.cpp.obj /var/folders/4q/3r_xvjjx7qs8c4hhwpplzr440000gn/T//ccbYSShu.s]
  ignore line: [GNU assembler version 2.35.1 (arm-none-eabi) using BFD version (GNU Arm Embedded Toolchain 10-2020-q4-major) 2.35.1.20201028]
  ignore line: [COMPILER_PATH=/opt/homebrew/Caskroom/gcc-arm-embedded/10-2020-q4-major/gcc-arm-none-eabi-10-2020-q4-major/bin/../lib/gcc/arm-none-eabi/10.2.1/:/opt/homebrew/Caskroom/gcc-arm-embedded/10-2020-q4-major/gcc-arm-none-eabi-10-2020-q4-major/bin/../lib/gcc/:/opt/homebrew/Caskroom/gcc-arm-embedded/10-2020-q4-major/gcc-arm-none-eabi-10-2020-q4-major/bin/../lib/gcc/arm-none-eabi/10.2.1/../../../../arm-none-eabi/bin/]
  ignore line: [LIBRARY_PATH=/opt/homebrew/Caskroom/gcc-arm-embedded/10-2020-q4-major/gcc-arm-none-eabi-10-2020-q4-major/bin/../lib/gcc/arm-none-eabi/10.2.1/:/opt/homebrew/Caskroom/gcc-arm-embedded/10-2020-q4-major/gcc-arm-none-eabi-10-2020-q4-major/bin/../lib/gcc/:/opt/homebrew/Caskroom/gcc-arm-embedded/10-2020-q4-major/gcc-arm-none-eabi-10-2020-q4-major/bin/../lib/gcc/arm-none-eabi/10.2.1/../../../../arm-none-eabi/lib/:/opt/homebrew/Caskroom/gcc-arm-embedded/10-2020-q4-major/gcc-arm-none-eabi-10-2020-q4-major/bin/../arm-none-eabi/lib/]
  ignore line: [COLLECT_GCC_OPTIONS='-v' '-o' 'CMakeFiles/cmTC_8dc79.dir/CMakeCXXCompilerABI.cpp.obj' '-c' '-mcpu=arm7tdmi' '-mfloat-abi=soft' '-marm' '-march=armv4t']
  ignore line: [Linking CXX static library libcmTC_8dc79.a]
  ignore line: ["/Users/wsh32/Library/Application Support/JetBrains/Toolbox/apps/CLion-ARM/ch-0/203.7148.70/CLion.app/Contents/bin/cmake/mac/bin/cmake" -P CMakeFiles/cmTC_8dc79.dir/cmake_clean_target.cmake]
  ignore line: ["/Users/wsh32/Library/Application Support/JetBrains/Toolbox/apps/CLion-ARM/ch-0/203.7148.70/CLion.app/Contents/bin/cmake/mac/bin/cmake" -E cmake_link_script CMakeFiles/cmTC_8dc79.dir/link.txt --verbose=1]
  ignore line: [arm-none-eabi-ar qc libcmTC_8dc79.a  CMakeFiles/cmTC_8dc79.dir/CMakeCXXCompilerABI.cpp.obj]
  ignore line: [/opt/homebrew/bin/arm-none-eabi-ranlib libcmTC_8dc79.a]
  ignore line: [gmake[1]: Leaving directory '/Users/wsh32/projects/CLion/STMDemo/cmake-build-debug-stm32/CMakeFiles/CMakeTmp']
  ignore line: []
  ignore line: []
  implicit libs: []
  implicit dirs: []
  implicit fwks: []


